c:\users\asus\source\repos\labwork5\labwork5\debug\labwork5.pch
c:\users\asus\source\repos\labwork5\labwork5\debug\vc141.pdb
c:\users\asus\source\repos\labwork5\labwork5\debug\vc141.idb
c:\users\asus\source\repos\labwork5\labwork5\debug\pch.obj
c:\users\asus\source\repos\labwork5\labwork5\debug\vehicle.obj
c:\users\asus\source\repos\labwork5\labwork5\debug\trolleybus.obj
c:\users\asus\source\repos\labwork5\labwork5\debug\passengervehicle.obj
c:\users\asus\source\repos\labwork5\labwork5\debug\listinterface.obj
c:\users\asus\source\repos\labwork5\labwork5\debug\listalgoritms.obj
c:\users\asus\source\repos\labwork5\labwork5\debug\list.obj
c:\users\asus\source\repos\labwork5\labwork5\debug\labwork5.obj
c:\users\asus\source\repos\labwork5\labwork5\debug\inputvalidator.obj
c:\users\asus\source\repos\labwork5\labwork5\debug\inputexception.obj
c:\users\asus\source\repos\labwork5\labwork5\debug\garbagetruck.obj
c:\users\asus\source\repos\labwork5\labwork5\debug\freightvehicle.obj
c:\users\asus\source\repos\labwork5\labwork5\debug\exception.obj
c:\users\asus\source\repos\labwork5\labwork5\debug\dumptrack.obj
c:\users\asus\source\repos\labwork5\labwork5\debug\coach.obj
c:\users\asus\source\repos\labwork5\labwork5\debug\labwork5.tlog\cl.command.1.tlog
c:\users\asus\source\repos\labwork5\labwork5\debug\labwork5.tlog\cl.read.1.tlog
c:\users\asus\source\repos\labwork5\labwork5\debug\labwork5.tlog\cl.write.1.tlog
